srun: error: compasslab5: task 0: Exited with exit code 2
srun: Job step aborted: Waiting up to 32 seconds for job step to finish.
srun: error: compasslab2: task 0: Terminated
srun: Job step aborted: Waiting up to 32 seconds for job step to finish.
srun: error: compasslab5: task 0: Terminated
